<?xml version="1.0" encoding="utf-8"?><testsuites name="pytest tests"><testsuite name="pytest" errors="0" failures="0" skipped="0" tests="16" time="21.661" timestamp="2026-02-13T06:24:40.644795+00:00" hostname="agent-env-ea5d00e7-f148-4d31-8cb7-dccdeb324582"><testcase classname="backend.tests.test_admin_rbac.TestHealthCheck" name="test_api_root" time="0.092" /><testcase classname="backend.tests.test_admin_rbac.TestHealthCheck" name="test_health_endpoint" time="0.039" /><testcase classname="backend.tests.test_admin_rbac.TestAdminAuthentication" name="test_admin_login_returns_is_admin_flag" time="0.313" /><testcase classname="backend.tests.test_admin_rbac.TestNonAdminAccess" name="test_non_admin_cannot_access_admin_stats" time="0.325" /><testcase classname="backend.tests.test_admin_rbac.TestNonAdminAccess" name="test_non_admin_cannot_access_admin_users" time="0.310" /><testcase classname="backend.tests.test_admin_rbac.TestNonAdminAccess" name="test_non_admin_cannot_update_user_role" time="0.311" /><testcase classname="backend.tests.test_admin_rbac.TestAdminRoleManagement" name="test_admin_can_grant_admin_role" time="0.561" /><testcase classname="backend.tests.test_admin_rbac.TestAdminRoleManagement" name="test_admin_can_revoke_admin_role" time="0.605" /><testcase classname="backend.tests.test_admin_rbac.TestAdminRoleManagement" name="test_invalid_role_rejected" time="0.562" /><testcase classname="backend.tests.test_admin_rbac.TestAdminDashboardStats" name="test_admin_stats_returns_correct_fields" time="0.299" /><testcase classname="backend.tests.test_admin_rbac.TestAdminDashboardStats" name="test_admin_stats_values_are_valid" time="0.300" /><testcase classname="backend.tests.test_admin_rbac.TestCompatibilityAnalysis" name="test_compatibility_analyze_returns_synastry_report" time="16.509" /><testcase classname="backend.tests.test_admin_rbac.TestCompatibilityAnalysis" name="test_compatibility_reports_list_returns_user_reports" time="0.335" /><testcase classname="backend.tests.test_admin_rbac.TestUserSearchInAdmin" name="test_admin_users_endpoint_returns_user_list" time="0.302" /><testcase classname="backend.tests.test_admin_rbac.TestUserSearchInAdmin" name="test_admin_users_pagination_works" time="0.382" /><testcase classname="backend.tests.test_admin_rbac.TestAdminCanSelfTest" name="test_admin_cannot_demote_self" time="0.294" /></testsuite></testsuites>