<?xml version="1.0" encoding="utf-8"?><testsuites name="pytest tests"><testsuite name="pytest" errors="0" failures="0" skipped="0" tests="20" time="298.688" timestamp="2026-02-13T10:59:11.351590+00:00" hostname="agent-env-ea5d00e7-f148-4d31-8cb7-dccdeb324582"><testcase classname="backend.tests.test_compatibility.TestCompatibilityAnalysis" name="test_analyze_compatibility_success" time="28.214" /><testcase classname="backend.tests.test_compatibility.TestCompatibilityAnalysis" name="test_analyze_missing_required_fields" time="0.379" /><testcase classname="backend.tests.test_compatibility.TestCompatibilityAnalysis" name="test_analyze_without_auth" time="0.169" /><testcase classname="backend.tests.test_compatibility.TestCompatibilityReports" name="test_get_reports_list" time="0.521" /><testcase classname="backend.tests.test_compatibility.TestCompatibilityReports" name="test_get_reports_without_auth" time="0.303" /><testcase classname="backend.tests.test_compatibility.TestCompatibilityReportDetail" name="test_get_report_detail" time="0.797" /><testcase classname="backend.tests.test_compatibility.TestCompatibilityReportDetail" name="test_get_nonexistent_report" time="0.171" /><testcase classname="backend.tests.test_compatibility.TestCompatibilityReportDetail" name="test_get_report_detail_without_auth" time="0.128" /><testcase classname="backend.tests.test_compatibility.TestSunSignCalculation" name="test_sun_sign_calculation[1990-03-25-Aries]" time="18.373" /><testcase classname="backend.tests.test_compatibility.TestSunSignCalculation" name="test_sun_sign_calculation[1990-04-22-Taurus]" time="19.806" /><testcase classname="backend.tests.test_compatibility.TestSunSignCalculation" name="test_sun_sign_calculation[1990-06-15-Gemini]" time="23.578" /><testcase classname="backend.tests.test_compatibility.TestSunSignCalculation" name="test_sun_sign_calculation[1990-07-10-Cancer]" time="18.887" /><testcase classname="backend.tests.test_compatibility.TestSunSignCalculation" name="test_sun_sign_calculation[1990-08-15-Leo]" time="20.598" /><testcase classname="backend.tests.test_compatibility.TestSunSignCalculation" name="test_sun_sign_calculation[1990-09-10-Virgo]" time="17.863" /><testcase classname="backend.tests.test_compatibility.TestSunSignCalculation" name="test_sun_sign_calculation[1990-10-05-Libra]" time="22.766" /><testcase classname="backend.tests.test_compatibility.TestSunSignCalculation" name="test_sun_sign_calculation[1990-11-10-Scorpio]" time="32.293" /><testcase classname="backend.tests.test_compatibility.TestSunSignCalculation" name="test_sun_sign_calculation[1990-12-05-Sagittarius]" time="31.057" /><testcase classname="backend.tests.test_compatibility.TestSunSignCalculation" name="test_sun_sign_calculation[1990-01-05-Capricorn]" time="19.852" /><testcase classname="backend.tests.test_compatibility.TestSunSignCalculation" name="test_sun_sign_calculation[1990-02-05-Aquarius]" time="17.190" /><testcase classname="backend.tests.test_compatibility.TestSunSignCalculation" name="test_sun_sign_calculation[1990-03-05-Pisces]" time="25.631" /></testsuite></testsuites>