<?xml version="1.0" encoding="utf-8"?><testsuites name="pytest tests"><testsuite name="pytest" errors="0" failures="1" skipped="0" tests="28" time="32.018" timestamp="2026-02-14T04:50:17.731217+00:00" hostname="agent-env-ea5d00e7-f148-4d31-8cb7-dccdeb324582"><testcase classname="backend.tests.test_swiss_ephemeris.TestSwissEphemerisChart" name="test_calculation_method_is_swiss_ephemeris" time="0.641" /><testcase classname="backend.tests.test_swiss_ephemeris.TestSwissEphemerisChart" name="test_sun_sign_accurate" time="0.000" /><testcase classname="backend.tests.test_swiss_ephemeris.TestSwissEphemerisChart" name="test_moon_sign_accurate" time="0.000" /><testcase classname="backend.tests.test_swiss_ephemeris.TestSwissEphemerisChart" name="test_rising_sign_accurate" time="0.000" /><testcase classname="backend.tests.test_swiss_ephemeris.TestSwissEphemerisChart" name="test_julian_day_calculated" time="0.000" /><testcase classname="backend.tests.test_swiss_ephemeris.TestSwissEphemerisChart" name="test_all_planets_present" time="0.000" /><testcase classname="backend.tests.test_swiss_ephemeris.TestSwissEphemerisChart" name="test_planets_have_required_fields" time="0.000" /><testcase classname="backend.tests.test_swiss_ephemeris.TestSwissEphemerisChart" name="test_additional_points_present" time="0.000"><failure message="AssertionError: Missing Chiron&#10;assert 'chiron' in {'jupiter': {'degree': 220.69, 'house': 7, 'retrograde': True, 'sign': 'Scorpio', ...}, 'mars': {'degree': 6.58, 'house': 12, 'retrograde': False, 'sign': 'Aries', ...}, 'mercury': {'degree': 24.84, 'house': 12, 'retrograde': False, 'sign': 'Aries', ...}, 'moon': {'degree': 176.33, 'house': 6, 'retrograde': False, 'sign': 'Virgo', ...}, ...}">backend/tests/test_swiss_ephemeris.py:107: in test_additional_points_present
    assert "chiron" in planets, "Missing Chiron"
E   AssertionError: Missing Chiron
E   assert 'chiron' in {'jupiter': {'degree': 220.69, 'house': 7, 'retrograde': True, 'sign': 'Scorpio', ...}, 'mars': {'degree': 6.58, 'house': 12, 'retrograde': False, 'sign': 'Aries', ...}, 'mercury': {'degree': 24.84, 'house': 12, 'retrograde': False, 'sign': 'Aries', ...}, 'moon': {'degree': 176.33, 'house': 6, 'retrograde': False, 'sign': 'Virgo', ...}, ...}</failure></testcase><testcase classname="backend.tests.test_swiss_ephemeris.TestSwissEphemerisChart" name="test_nodes_are_opposite" time="0.000" /><testcase classname="backend.tests.test_swiss_ephemeris.TestHouseCusps" name="test_houses_present" time="0.000" /><testcase classname="backend.tests.test_swiss_ephemeris.TestHouseCusps" name="test_houses_have_required_fields" time="0.000" /><testcase classname="backend.tests.test_swiss_ephemeris.TestHouseCusps" name="test_first_house_matches_ascendant" time="0.000" /><testcase classname="backend.tests.test_swiss_ephemeris.TestHouseCusps" name="test_ascendant_present" time="0.000" /><testcase classname="backend.tests.test_swiss_ephemeris.TestHouseCusps" name="test_midheaven_present" time="0.000" /><testcase classname="backend.tests.test_swiss_ephemeris.TestAspects" name="test_aspects_present" time="0.000" /><testcase classname="backend.tests.test_swiss_ephemeris.TestAspects" name="test_aspects_have_required_fields" time="0.000" /><testcase classname="backend.tests.test_swiss_ephemeris.TestAspects" name="test_aspect_types_valid" time="0.000" /><testcase classname="backend.tests.test_swiss_ephemeris.TestAspects" name="test_grand_trine_detected" time="0.000" /><testcase classname="backend.tests.test_swiss_ephemeris.TestAspects" name="test_stellium_detected" time="0.000" /><testcase classname="backend.tests.test_swiss_ephemeris.TestTransits" name="test_transits_endpoint_works" time="0.136" /><testcase classname="backend.tests.test_swiss_ephemeris.TestTransits" name="test_transits_have_required_fields" time="0.112" /><testcase classname="backend.tests.test_swiss_ephemeris.TestTransits" name="test_transits_from_outer_planets" time="0.115" /><testcase classname="backend.tests.test_swiss_ephemeris.TestTransits" name="test_transits_have_sign_info" time="0.133" /><testcase classname="backend.tests.test_swiss_ephemeris.TestCoordinatesLookup" name="test_khemisset_coordinates" time="0.003" /><testcase classname="backend.tests.test_swiss_ephemeris.TestCoordinatesLookup" name="test_partial_match_works" time="0.000" /><testcase classname="backend.tests.test_swiss_ephemeris.TestCoordinatesLookup" name="test_unknown_city_returns_default" time="0.000" /><testcase classname="backend.tests.test_swiss_ephemeris.TestCompatibilitySwissEphemeris" name="test_compatibility_uses_swiss_ephemeris" time="16.975" /><testcase classname="backend.tests.test_swiss_ephemeris.TestCompatibilitySwissEphemeris" name="test_synastry_aspects_calculated" time="13.694" /></testsuite></testsuites>